<?xml version="1.0" encoding="UTF-8"?>
<!-- Generated by org.testng.reporters.JUnitReportReporter -->
<testsuite hostname="DESKTOP-RU78JRT" name="com.wallethub.TestCases.VerifyLogin" tests="2" failures="0" timestamp="21 Jun 2019 17:05:00 GMT" time="140.813" errors="0">
  <testcase name="Login" time="114.719" classname="com.wallethub.TestCases.VerifyLogin"/>
  <testcase name="verifyReviewComments" time="26.094" classname="com.wallethub.TestCases.VerifyLogin"/>
</testsuite> <!-- com.wallethub.TestCases.VerifyLogin -->
